<?xml version="1.0" encoding="UTF-8"?>
<testsuite name="org.shanthan.doubleeagle.web.server.DoubleEagleWebServerTest" tests="1" skipped="0" failures="0" errors="0" timestamp="2025-01-23T22:45:32" hostname="pop-os" time="0.053">
  <properties/>
  <testcase name="testMainWebServer()" classname="org.shanthan.doubleeagle.web.server.DoubleEagleWebServerTest" time="0.053"/>
  <system-out><![CDATA[]]></system-out>
  <system-err><![CDATA[]]></system-err>
</testsuite>
